<?xml version="1.0" encoding="UTF-8"?>
<testsuite xmlns:xsi="http://www.w3.org/2001/XMLSchema-instance" xsi:noNamespaceSchemaLocation="https://maven.apache.org/surefire/maven-surefire-plugin/xsd/surefire-test-report-3.0.xsd" version="3.0" name="com.javaWeb.webappjava2024.WebappJava2024ApplicationTests" time="74.274" tests="1" errors="0" skipped="0" failures="0">
  <properties>
[...]
</properties>
  <testcase name="contextLoads" classname="com.javaWeb.webappjava2024.WebappJava2024ApplicationTests" time="6.507">
    <system-out><![CDATA[19:55:11.425 [main] INFO org.springframework.test.context.support.AnnotationConfigContextLoaderUtils -- Could not detect default configuration classes for test class [com.javaWeb.webappjava2024.WebappJava2024ApplicationTests]: WebappJava2024ApplicationTests does not declare any static, non-private, non-final, nested classes annotated with @Configuration.
19:55:13.408 [main] INFO org.springframework.boot.test.context.SpringBootTestContextBootstrapper -- Found @SpringBootConfiguration com.javaWeb.webappjava2024.WebappJava2024Application for test class com.javaWeb.webappjava2024.WebappJava2024ApplicationTests

  .   ____          _            __ _ _
 /\\ / ___'_ __ _ _(_)_ __  __ _ \ \ \ \
( ( )\___ | '_ | '_| | '_ \/ _` | \ \ \ \
 \\/  ___)| |_)| | | | | || (_| |  ) ) ) )
  '  |____| .__|_| |_|_| |_\__, | / / / /
 =========|_|==============|___/=/_/_/_/
 :: Spring Boot ::                (v3.2.4)

2024-05-20T19:55:19.158-03:00  INFO 8912 --- [           main] c.j.w.WebappJava2024ApplicationTests     : Starting WebappJava2024ApplicationTests using Java 18.0.2.1 with PID 8912 (started by Juridico in C:\Users\Juridico\Desktop\webapp-java-2024)
2024-05-20T19:55:19.158-03:00  INFO 8912 --- [           main] c.j.w.WebappJava2024ApplicationTests     : No active profile set, falling back to 1 default profile: "default"
2024-05-20T19:55:37.136-03:00  INFO 8912 --- [           main] .s.d.r.c.RepositoryConfigurationDelegate : Bootstrapping Spring Data JPA repositories in DEFAULT mode.
2024-05-20T19:55:37.965-03:00  INFO 8912 --- [           main] .s.d.r.c.RepositoryConfigurationDelegate : Finished Spring Data repository scanning in 549 ms. Found 2 JPA repository interfaces.
2024-05-20T19:55:44.108-03:00  INFO 8912 --- [           main] com.zaxxer.hikari.HikariDataSource       : HikariPool-1 - Starting...
2024-05-20T19:55:47.111-03:00  INFO 8912 --- [           main] com.zaxxer.hikari.pool.HikariPool        : HikariPool-1 - Added connection conn0: url=jdbc:h2:mem:1c8f7a6f-a59e-469d-9449-30950d3f4eea user=SA
2024-05-20T19:55:47.111-03:00  INFO 8912 --- [           main] com.zaxxer.hikari.HikariDataSource       : HikariPool-1 - Start completed.
2024-05-20T19:55:50.820-03:00  INFO 8912 --- [           main] o.hibernate.jpa.internal.util.LogHelper  : HHH000204: Processing PersistenceUnitInfo [name: default]
2024-05-20T19:55:52.367-03:00  INFO 8912 --- [           main] org.hibernate.Version                    : HHH000412: Hibernate ORM core version 6.4.4.Final
2024-05-20T19:55:52.726-03:00  INFO 8912 --- [           main] o.h.c.internal.RegionFactoryInitiator    : HHH000026: Second-level cache disabled
2024-05-20T19:55:54.429-03:00  INFO 8912 --- [           main] o.s.o.j.p.SpringPersistenceUnitInfo      : No LoadTimeWeaver setup: ignoring JPA class transformer
2024-05-20T19:56:03.290-03:00  INFO 8912 --- [           main] o.h.e.t.j.p.i.JtaPlatformInitiator       : HHH000489: No JTA platform available (set 'hibernate.transaction.jta.platform' to enable JTA platform integration)
2024-05-20T19:56:03.555-03:00  INFO 8912 --- [           main] j.LocalContainerEntityManagerFactoryBean : Initialized JPA EntityManagerFactory for persistence unit 'default'
2024-05-20T19:56:09.370-03:00  WARN 8912 --- [           main] JpaBaseConfiguration$JpaWebConfiguration : spring.jpa.open-in-view is enabled by default. Therefore, database queries may be performed during view rendering. Explicitly configure spring.jpa.open-in-view to disable this warning
2024-05-20T19:56:13.575-03:00  WARN 8912 --- [           main] .s.s.UserDetailsServiceAutoConfiguration : 

Using generated security password: 56f38994-c0f8-40a5-b0b2-c11dca4b4845

This generated password is for development use only. Your security configuration must be updated before running your application in production.

2024-05-20T19:56:15.495-03:00  INFO 8912 --- [           main] o.s.s.web.DefaultSecurityFilterChain     : Will secure any request with [org.springframework.security.web.session.DisableEncodeUrlFilter@40ef385f, org.springframework.security.web.context.request.async.WebAsyncManagerIntegrationFilter@1a4c6e74, org.springframework.security.web.context.SecurityContextHolderFilter@43e9a8a2, org.springframework.security.web.header.HeaderWriterFilter@2e9f5499, org.springframework.web.filter.CorsFilter@28d728f1, org.springframework.security.web.csrf.CsrfFilter@5d3d5242, org.springframework.security.web.authentication.logout.LogoutFilter@3ce4eb42, org.springframework.security.web.authentication.UsernamePasswordAuthenticationFilter@4110ffe5, org.springframework.security.web.authentication.ui.DefaultLoginPageGeneratingFilter@4a937d43, org.springframework.security.web.authentication.ui.DefaultLogoutPageGeneratingFilter@51d6c42d, org.springframework.security.web.authentication.www.BasicAuthenticationFilter@53813f01, org.springframework.security.web.savedrequest.RequestCacheAwareFilter@d408c5d, org.springframework.security.web.servletapi.SecurityContextHolderAwareRequestFilter@74ed1d35, org.springframework.security.web.authentication.AnonymousAuthenticationFilter@68423388, org.springframework.security.web.access.ExceptionTranslationFilter@d8cece4, org.springframework.security.web.access.intercept.AuthorizationFilter@3c7f8c25]
2024-05-20T19:56:15.648-03:00  INFO 8912 --- [           main] c.j.w.WebappJava2024ApplicationTests     : Started WebappJava2024ApplicationTests in 59.935 seconds (process running for 78.038)
]]></system-out>
  </testcase>
</testsuite>